This file contains any messages produced by compilers while
running configure, to aid debugging if configure makes a mistake.

It was created by jansson configure 2.14, which was
generated by GNU Autoconf 2.71.  Invocation command line was

  $ ./configure --disable-shared

## --------- ##
## Platform. ##
## --------- ##

hostname = DESKTOP-Hadrien
uname -m = x86_64
uname -r = 4.4.0-19041-Microsoft
uname -s = Linux
uname -v = #3570-Microsoft Fri Sep 29 17:00:00 PST 2023

/usr/bin/uname -p = x86_64
/bin/uname -X     = unknown

/bin/arch              = x86_64
/usr/bin/arch -k       = unknown
/usr/convex/getsysinfo = unknown
/usr/bin/hostinfo      = unknown
/bin/machine           = unknown
/usr/bin/oslevel       = unknown
/bin/universe          = unknown

PATH: /usr/local/sbin/
PATH: /usr/local/bin/
PATH: /usr/sbin/
PATH: /usr/bin/
PATH: /sbin/
PATH: /bin/
PATH: /usr/games/
PATH: /usr/local/games/
PATH: /mnt/c/Program Files (x86)/Common Files/Oracle/Java/javapath/
PATH: /mnt/c/Windows/system32/
PATH: /mnt/c/Windows/
PATH: /mnt/c/Windows/System32/Wbem/
PATH: /mnt/c/Windows/System32/WindowsPowerShell/v1.0/
PATH: /mnt/c/Windows/System32/OpenSSH/
PATH: /mnt/c/Program Files (x86)/NVIDIA Corporation/PhysX/Common/
PATH: /mnt/c/Program Files/Git/cmd/
PATH: /mnt/c/Program Files/dotnet/
PATH: /mnt/c/Program Files/NVIDIA Corporation/NVIDIA NvDLISR/
PATH: /mnt/c/Users/hadri/AppData/Local/Programs/Python/Python39/Scripts/
PATH: /mnt/c/Users/hadri/AppData/Local/Programs/Python/Python39/
PATH: /mnt/c/Users/hadri/AppData/Local/Microsoft/WindowsApps/
PATH: /mnt/c/Program Files/JetBrains/PyCharm 2021.2.1/bin/
PATH: /mnt/c/Program Files/JetBrains/JetBrains Rider 2021.2.1/bin/
PATH: /mnt/c/Program Files/JetBrains/IntelliJ IDEA 2022.2/bin/
PATH: /mnt/c/Program Files/JetBrains/CLion 2021.2.1/bin/
PATH: /mnt/c/Program Files/JetBrains/DataGrip 2021.2.2/bin/
PATH: /mnt/c/Users/hadri/AppData/Local/Programs/Microsoft VS Code/bin/
PATH: /mnt/c/Program Files/JetBrains/PhpStorm 2021.3.2/bin/
PATH: /mnt/c/Users/hadri/AppData/Local/GitHubDesktop/bin/
PATH: /mnt/c/Users/hadri/.dotnet/tools/
PATH: /snap/bin/


## ----------- ##
## Core tests. ##
## ----------- ##

configure:2967: looking for aux files: config.guess config.sub ltmain.sh compile missing install-sh
configure:2980:  trying ././
configure:3009:   ././config.guess found
configure:3009:   ././config.sub found
configure:3009:   ././ltmain.sh found
configure:3009:   ././compile found
configure:3009:   ././missing found
configure:2991:   ././install-sh found
configure:3140: checking for a BSD-compatible install
configure:3213: result: /usr/bin/install -c
configure:3224: checking whether build environment is sane
configure:3279: result: yes
configure:3436: checking for a race-free mkdir -p
configure:3480: result: /usr/bin/mkdir -p
configure:3487: checking for gawk
configure:3508: found /usr/bin/gawk
configure:3519: result: gawk
configure:3530: checking whether make sets $(MAKE)
configure:3553: result: yes
configure:3583: checking whether make supports nested variables
configure:3601: result: yes
configure:3805: checking for gcc
configure:3826: found /usr/bin/gcc
configure:3837: result: gcc
configure:4190: checking for C compiler version
configure:4199: gcc --version >&5
gcc (Ubuntu 9.4.0-1ubuntu1~20.04.2) 9.4.0
Copyright (C) 2019 Free Software Foundation, Inc.
This is free software; see the source for copying conditions.  There is NO
warranty; not even for MERCHANTABILITY or FITNESS FOR A PARTICULAR PURPOSE.

configure:4210: $? = 0
configure:4199: gcc -v >&5
Using built-in specs.
COLLECT_GCC=gcc
COLLECT_LTO_WRAPPER=/usr/lib/gcc/x86_64-linux-gnu/9/lto-wrapper
OFFLOAD_TARGET_NAMES=nvptx-none:hsa
OFFLOAD_TARGET_DEFAULT=1
Target: x86_64-linux-gnu
Configured with: ../src/configure -v --with-pkgversion='Ubuntu 9.4.0-1ubuntu1~20.04.2' --with-bugurl=file:///usr/share/doc/gcc-9/README.Bugs --enable-languages=c,ada,c++,go,brig,d,fortran,objc,obj-c++,gm2 --prefix=/usr --with-gcc-major-version-only --program-suffix=-9 --program-prefix=x86_64-linux-gnu- --enable-shared --enable-linker-build-id --libexecdir=/usr/lib --without-included-gettext --enable-threads=posix --libdir=/usr/lib --enable-nls --enable-clocale=gnu --enable-libstdcxx-debug --enable-libstdcxx-time=yes --with-default-libstdcxx-abi=new --enable-gnu-unique-object --disable-vtable-verify --enable-plugin --enable-default-pie --with-system-zlib --with-target-system-zlib=auto --enable-objc-gc=auto --enable-multiarch --disable-werror --with-arch-32=i686 --with-abi=m64 --with-multilib-list=m32,m64,mx32 --enable-multilib --with-tune=generic --enable-offload-targets=nvptx-none=/build/gcc-9-9QDOt0/gcc-9-9.4.0/debian/tmp-nvptx/usr,hsa --without-cuda-driver --enable-checking=release --build=x86_64-linux-gnu --host=x86_64-linux-gnu --target=x86_64-linux-gnu
Thread model: posix
gcc version 9.4.0 (Ubuntu 9.4.0-1ubuntu1~20.04.2) 
configure:4210: $? = 0
configure:4199: gcc -V >&5
gcc: error: unrecognized command line option '-V'
gcc: fatal error: no input files
compilation terminated.
configure:4210: $? = 1
configure:4199: gcc -qversion >&5
gcc: error: unrecognized command line option '-qversion'; did you mean '--version'?
gcc: fatal error: no input files
compilation terminated.
configure:4210: $? = 1
configure:4199: gcc -version >&5
gcc: error: unrecognized command line option '-version'
gcc: fatal error: no input files
compilation terminated.
configure:4210: $? = 1
configure:4230: checking whether the C compiler works
configure:4252: gcc    conftest.c  >&5
configure:4256: $? = 0
configure:4306: result: yes
configure:4309: checking for C compiler default output file name
configure:4311: result: a.out
configure:4317: checking for suffix of executables
configure:4324: gcc -o conftest    conftest.c  >&5
configure:4328: $? = 0
configure:4351: result: 
configure:4373: checking whether we are cross compiling
configure:4381: gcc -o conftest    conftest.c  >&5
configure:4385: $? = 0
configure:4392: ./conftest
configure:4396: $? = 0
configure:4384: result: no
configure:4389: checking for suffix of object files
configure:4412: gcc -c   conftest.c >&5
configure:4416: $? = 0
configure:4438: result: o
configure:4442: checking whether the compiler supports GNU C
configure:4462: gcc -c   conftest.c >&5
configure:4462: $? = 0
configure:4472: result: yes
configure:4483: checking whether gcc accepts -g
configure:4504: gcc -c -g  conftest.c >&5
configure:4504: $? = 0
configure:4548: result: yes
configure:4568: checking for gcc option to enable C11 features
configure:4583: gcc  -c -g -O2  conftest.c >&5
configure:4583: $? = 0
configure:4601: result: none needed
configure:4717: checking whether gcc understands -c and -o together
configure:4740: gcc -c conftest.c -o conftest2.o
configure:4743: $? = 0
configure:4740: gcc -c conftest.c -o conftest2.o
configure:4743: $? = 0
configure:4755: result: yes
configure:4775: checking whether make supports the include directive
configure:4790: make -f confmf.GNU && cat confinc.out
this is the am__doit target
configure:4793: $? = 0
configure:4812: result: yes (GNU style)
configure:4838: checking dependency style of gcc
configure:4950: result: gcc3
configure:5034: checking for g++
configure:5055: found /usr/bin/g++
configure:5066: result: g++
configure:5093: checking for C++ compiler version
configure:5102: g++ --version >&5
g++ (Ubuntu 9.4.0-1ubuntu1~20.04.2) 9.4.0
Copyright (C) 2019 Free Software Foundation, Inc.
This is free software; see the source for copying conditions.  There is NO
warranty; not even for MERCHANTABILITY or FITNESS FOR A PARTICULAR PURPOSE.

configure:5113: $? = 0
configure:5102: g++ -v >&5
Using built-in specs.
COLLECT_GCC=g++
COLLECT_LTO_WRAPPER=/usr/lib/gcc/x86_64-linux-gnu/9/lto-wrapper
OFFLOAD_TARGET_NAMES=nvptx-none:hsa
OFFLOAD_TARGET_DEFAULT=1
Target: x86_64-linux-gnu
Configured with: ../src/configure -v --with-pkgversion='Ubuntu 9.4.0-1ubuntu1~20.04.2' --with-bugurl=file:///usr/share/doc/gcc-9/README.Bugs --enable-languages=c,ada,c++,go,brig,d,fortran,objc,obj-c++,gm2 --prefix=/usr --with-gcc-major-version-only --program-suffix=-9 --program-prefix=x86_64-linux-gnu- --enable-shared --enable-linker-build-id --libexecdir=/usr/lib --without-included-gettext --enable-threads=posix --libdir=/usr/lib --enable-nls --enable-clocale=gnu --enable-libstdcxx-debug --enable-libstdcxx-time=yes --with-default-libstdcxx-abi=new --enable-gnu-unique-object --disable-vtable-verify --enable-plugin --enable-default-pie --with-system-zlib --with-target-system-zlib=auto --enable-objc-gc=auto --enable-multiarch --disable-werror --with-arch-32=i686 --with-abi=m64 --with-multilib-list=m32,m64,mx32 --enable-multilib --with-tune=generic --enable-offload-targets=nvptx-none=/build/gcc-9-9QDOt0/gcc-9-9.4.0/debian/tmp-nvptx/usr,hsa --without-cuda-driver --enable-checking=release --build=x86_64-linux-gnu --host=x86_64-linux-gnu --target=x86_64-linux-gnu
Thread model: posix
gcc version 9.4.0 (Ubuntu 9.4.0-1ubuntu1~20.04.2) 
configure:5113: $? = 0
configure:5102: g++ -V >&5
g++: error: unrecognized command line option '-V'
g++: fatal error: no input files
compilation terminated.
configure:5113: $? = 1
configure:5102: g++ -qversion >&5
g++: error: unrecognized command line option '-qversion'; did you mean '--version'?
g++: fatal error: no input files
compilation terminated.
configure:5113: $? = 1
configure:5117: checking whether the compiler supports GNU C++
configure:5137: g++ -c   conftest.cpp >&5
configure:5137: $? = 0
configure:5147: result: yes
configure:5158: checking whether g++ accepts -g
configure:5179: g++ -c -g  conftest.cpp >&5
configure:5179: $? = 0
configure:5223: result: yes
configure:5243: checking for g++ option to enable C++11 features
configure:5258: g++  -c -g -O2  conftest.cpp >&5
configure:5258: $? = 0
configure:5276: result: none needed
configure:5342: checking dependency style of g++
configure:5454: result: gcc3
configure:5501: checking build system type
configure:5516: result: x86_64-pc-linux-gnu
configure:5536: checking host system type
configure:5550: result: x86_64-pc-linux-gnu
configure:5591: checking how to print strings
configure:5618: result: printf
configure:5639: checking for a sed that does not truncate output
configure:5709: result: /usr/bin/sed
configure:5727: checking for grep that handles long lines and -e
configure:5791: result: /usr/bin/grep
configure:5796: checking for egrep
configure:5864: result: /usr/bin/grep -E
configure:5869: checking for fgrep
configure:5937: result: /usr/bin/grep -F
configure:5973: checking for ld used by gcc
configure:6041: result: /usr/bin/ld
configure:6048: checking if the linker (/usr/bin/ld) is GNU ld
configure:6064: result: yes
configure:6076: checking for BSD- or MS-compatible name lister (nm)
configure:6131: result: /usr/bin/nm -B
configure:6271: checking the name lister (/usr/bin/nm -B) interface
configure:6279: gcc -c -g -O2  conftest.c >&5
configure:6282: /usr/bin/nm -B "conftest.o"
configure:6285: output
0000000000000000 B some_variable
configure:6286: result: BSD nm
configure:6289: checking whether ln -s works
configure:6293: result: yes
configure:6301: checking the maximum length of command line arguments
configure:6433: result: 1572864
configure:6481: checking how to convert x86_64-pc-linux-gnu file names to x86_64-pc-linux-gnu format
configure:6522: result: func_convert_file_noop
configure:6529: checking how to convert x86_64-pc-linux-gnu file names to toolchain format
configure:6550: result: func_convert_file_noop
configure:6557: checking for /usr/bin/ld option to reload object files
configure:6565: result: -r
configure:6644: checking for objdump
configure:6665: found /usr/bin/objdump
configure:6676: result: objdump
configure:6708: checking how to recognize dependent libraries
configure:6909: result: pass_all
configure:6999: checking for dlltool
configure:7034: result: no
configure:7064: checking how to associate runtime and link libraries
configure:7092: result: printf %s\n
configure:7158: checking for ar
configure:7179: found /usr/bin/ar
configure:7190: result: ar
configure:7243: checking for archiver @FILE support
configure:7261: gcc -c -g -O2  conftest.c >&5
configure:7261: $? = 0
configure:7265: ar cr libconftest.a @conftest.lst >&5
configure:7268: $? = 0
configure:7273: ar cr libconftest.a @conftest.lst >&5
ar: conftest.o: No such file or directory
configure:7276: $? = 1
configure:7275: result: @
configure:7338: checking for strip
configure:7359: found /usr/bin/strip
configure:7370: result: strip
configure:7447: checking for ranlib
configure:7468: found /usr/bin/ranlib
configure:7479: result: ranlib
configure:7581: checking command to parse /usr/bin/nm -B output from gcc object
configure:7735: gcc -c -g -O2  conftest.c >&5
configure:7738: $? = 0
configure:7742: /usr/bin/nm -B conftest.o \| sed -n -e 's/^.*[ ]\([ABCDGIRSTW][ABCDGIRSTW]*\)[ ][ ]*\([_A-Za-z][_A-Za-z0-9]*\)$/\1 \2 \2/p' | sed '/ __gnu_lto/d' \> conftest.nm
configure:7745: $? = 0
configure:7811: gcc -o conftest -g -O2   conftest.c conftstm.o >&5
configure:7814: $? = 0
configure:7852: result: ok
configure:7899: checking for sysroot
configure:7930: result: no
configure:7937: checking for a working dd
configure:7981: result: /usr/bin/dd
configure:7985: checking how to truncate binary pipes
configure:8001: result: /usr/bin/dd bs=4096 count=1
configure:8138: gcc -c -g -O2  conftest.c >&5
configure:8141: $? = 0
configure:8338: checking for mt
configure:8359: found /usr/bin/mt
configure:8370: result: mt
configure:8393: checking if mt is a manifest tool
configure:8400: mt '-?'
configure:8408: result: no
configure:9138: checking for stdio.h
configure:9138: gcc -c -g -O2  conftest.c >&5
configure:9138: $? = 0
configure:9138: result: yes
configure:9138: checking for stdlib.h
configure:9138: gcc -c -g -O2  conftest.c >&5
configure:9138: $? = 0
configure:9138: result: yes
configure:9138: checking for string.h
configure:9138: gcc -c -g -O2  conftest.c >&5
configure:9138: $? = 0
configure:9138: result: yes
configure:9138: checking for inttypes.h
configure:9138: gcc -c -g -O2  conftest.c >&5
configure:9138: $? = 0
configure:9138: result: yes
configure:9138: checking for stdint.h
configure:9138: gcc -c -g -O2  conftest.c >&5
configure:9138: $? = 0
configure:9138: result: yes
configure:9138: checking for strings.h
configure:9138: gcc -c -g -O2  conftest.c >&5
configure:9138: $? = 0
configure:9138: result: yes
configure:9138: checking for sys/stat.h
configure:9138: gcc -c -g -O2  conftest.c >&5
configure:9138: $? = 0
configure:9138: result: yes
configure:9138: checking for sys/types.h
configure:9138: gcc -c -g -O2  conftest.c >&5
configure:9138: $? = 0
configure:9138: result: yes
configure:9138: checking for unistd.h
configure:9138: gcc -c -g -O2  conftest.c >&5
configure:9138: $? = 0
configure:9138: result: yes
configure:9163: checking for dlfcn.h
configure:9163: gcc -c -g -O2  conftest.c >&5
configure:9163: $? = 0
configure:9163: result: yes
configure:9433: checking for objdir
configure:9449: result: .libs
configure:9709: checking if gcc supports -fno-rtti -fno-exceptions
configure:9728: gcc -c -g -O2  -fno-rtti -fno-exceptions conftest.c >&5
cc1: warning: command line option '-fno-rtti' is valid for C++/D/ObjC++ but not for C
configure:9732: $? = 0
configure:9745: result: no
configure:10103: checking for gcc option to produce PIC
configure:10111: result: -fPIC -DPIC
configure:10119: checking if gcc PIC flag -fPIC -DPIC works
configure:10138: gcc -c -g -O2  -fPIC -DPIC -DPIC conftest.c >&5
configure:10142: $? = 0
configure:10155: result: yes
configure:10184: checking if gcc static flag -static works
configure:10213: result: yes
configure:10228: checking if gcc supports -c -o file.o
configure:10250: gcc -c -g -O2  -o out/conftest2.o conftest.c >&5
configure:10254: $? = 0
configure:10276: result: yes
configure:10284: checking if gcc supports -c -o file.o
configure:10332: result: yes
configure:10365: checking whether the gcc linker (/usr/bin/ld -m elf_x86_64) supports shared libraries
configure:11633: result: yes
configure:11874: checking dynamic linker characteristics
configure:12456: gcc -o conftest -g -O2   -Wl,-rpath -Wl,/foo conftest.c  >&5
configure:12456: $? = 0
configure:12695: result: GNU/Linux ld.so
configure:12817: checking how to hardcode library paths into programs
configure:12842: result: immediate
configure:13394: checking whether stripping libraries is possible
configure:13403: result: yes
configure:13445: checking if libtool supports shared libraries
configure:13447: result: yes
configure:13450: checking whether to build shared libraries
configure:13475: result: no
configure:13478: checking whether to build static libraries
configure:13482: result: yes
configure:10268: checking how to run the C++ preprocessor
configure:10290: g++ -E  conftest.cpp
configure:10290: $? = 0
configure:10305: g++ -E  conftest.cpp
conftest.cpp:23:10: fatal error: ac_nonexistent.h: No such file or directory
   23 | #include <ac_nonexistent.h>
      |          ^~~~~~~~~~~~~~~~~~
compilation terminated.
configure:10305: $? = 1
configure: failed program was:
| /* confdefs.h */
| #define PACKAGE_NAME "jansson"
| #define PACKAGE_TARNAME "jansson"
| #define PACKAGE_VERSION "2.14"
| #define PACKAGE_STRING "jansson 2.14"
| #define PACKAGE_BUGREPORT "https://github.com/akheron/jansson/issues"
| #define PACKAGE_URL ""
| #define PACKAGE "jansson"
| #define VERSION "2.14"
| #define HAVE_STDIO_H 1
| #define HAVE_STDLIB_H 1
| #define HAVE_STRING_H 1
| #define HAVE_INTTYPES_H 1
| #define HAVE_STDINT_H 1
| #define HAVE_STRINGS_H 1
| #define HAVE_SYS_STAT_H 1
| #define HAVE_SYS_TYPES_H 1
| #define HAVE_UNISTD_H 1
| #define STDC_HEADERS 1
| #define HAVE_DLFCN_H 1
| #define LT_OBJDIR ".libs/"
| /* end confdefs.h.  */
| #include <ac_nonexistent.h>
configure:10332: result: g++ -E
configure:10346: g++ -E  conftest.cpp
configure:10346: $? = 0
configure:10361: g++ -E  conftest.cpp
conftest.cpp:23:10: fatal error: ac_nonexistent.h: No such file or directory
   23 | #include <ac_nonexistent.h>
      |          ^~~~~~~~~~~~~~~~~~
compilation terminated.
configure:10361: $? = 1
configure: failed program was:
| /* confdefs.h */
| #define PACKAGE_NAME "jansson"
| #define PACKAGE_TARNAME "jansson"
| #define PACKAGE_VERSION "2.14"
| #define PACKAGE_STRING "jansson 2.14"
| #define PACKAGE_BUGREPORT "https://github.com/akheron/jansson/issues"
| #define PACKAGE_URL ""
| #define PACKAGE "jansson"
| #define VERSION "2.14"
| #define HAVE_STDIO_H 1
| #define HAVE_STDLIB_H 1
| #define HAVE_STRING_H 1
| #define HAVE_INTTYPES_H 1
| #define HAVE_STDINT_H 1
| #define HAVE_STRINGS_H 1
| #define HAVE_SYS_STAT_H 1
| #define HAVE_SYS_TYPES_H 1
| #define HAVE_UNISTD_H 1
| #define STDC_HEADERS 1
| #define HAVE_DLFCN_H 1
| #define LT_OBJDIR ".libs/"
| /* end confdefs.h.  */
| #include <ac_nonexistent.h>
configure:10526: checking for ld used by g++
configure:10594: result: /usr/bin/ld -m elf_x86_64
configure:10601: checking if the linker (/usr/bin/ld -m elf_x86_64) is GNU ld
configure:10617: result: yes
configure:10672: checking whether the g++ linker (/usr/bin/ld -m elf_x86_64) supports shared libraries
configure:11750: result: yes
configure:11786: g++ -c -g -O2  conftest.cpp >&5
configure:11789: $? = 0
configure:12270: checking for g++ option to produce PIC
configure:12278: result: -fPIC -DPIC
configure:12286: checking if g++ PIC flag -fPIC -DPIC works
configure:12305: g++ -c -g -O2  -fPIC -DPIC -DPIC conftest.cpp >&5
configure:12309: $? = 0
configure:12322: result: yes
configure:12345: checking if g++ static flag -static works
configure:12374: result: yes
configure:12386: checking if g++ supports -c -o file.o
configure:12408: g++ -c -g -O2  -o out/conftest2.o conftest.cpp >&5
configure:12412: $? = 0
configure:12434: result: yes
configure:12439: checking if g++ supports -c -o file.o
configure:12487: result: yes
configure:12517: checking whether the g++ linker (/usr/bin/ld -m elf_x86_64) supports shared libraries
configure:12557: result: yes
configure:12699: checking dynamic linker characteristics
configure:13447: result: GNU/Linux ld.so
configure:13512: checking how to hardcode library paths into programs
configure:13537: result: immediate
configure:12451: checking for endian.h
configure:12451: gcc -c -g -O2  conftest.c >&5
configure:12451: $? = 0
configure:12451: result: yes
configure:12457: checking for fcntl.h
configure:12457: gcc -c -g -O2  conftest.c >&5
configure:12457: $? = 0
configure:12457: result: yes
configure:12463: checking for locale.h
configure:12463: gcc -c -g -O2  conftest.c >&5
configure:12463: $? = 0
configure:12463: result: yes
configure:12469: checking for sched.h
configure:12469: gcc -c -g -O2  conftest.c >&5
configure:12469: $? = 0
configure:12469: result: yes
configure:12475: checking for unistd.h
configure:12475: result: yes
configure:12481: checking for sys/param.h
configure:12481: gcc -c -g -O2  conftest.c >&5
configure:12481: $? = 0
configure:12481: result: yes
configure:12487: checking for sys/stat.h
configure:12487: result: yes
configure:12493: checking for sys/time.h
configure:12493: gcc -c -g -O2  conftest.c >&5
configure:12493: $? = 0
configure:12493: result: yes
configure:12499: checking for sys/types.h
configure:12499: result: yes
configure:12508: checking for int32_t
configure:12508: gcc -c -g -O2  conftest.c >&5
configure:12508: $? = 0
configure:12508: gcc -c -g -O2  conftest.c >&5
conftest.c: In function 'main':
conftest.c:65:53: warning: integer overflow in expression of type 'int' results in '-2147483648' [-Woverflow]
   65 |    < (int32_t) (((((int32_t) 1 << N) << N) - 1) * 2 + 2))];
      |                                                     ^
conftest.c:64:12: error: storage size of 'test_array' isn't constant
   64 | static int test_array [1 - 2 * !((int32_t) (((((int32_t) 1 << N) << N) - 1) * 2 + 1)
      |            ^~~~~~~~~~
configure:12508: $? = 1
configure: failed program was:
| /* confdefs.h */
| #define PACKAGE_NAME "jansson"
| #define PACKAGE_TARNAME "jansson"
| #define PACKAGE_VERSION "2.14"
| #define PACKAGE_STRING "jansson 2.14"
| #define PACKAGE_BUGREPORT "https://github.com/akheron/jansson/issues"
| #define PACKAGE_URL ""
| #define PACKAGE "jansson"
| #define VERSION "2.14"
| #define HAVE_STDIO_H 1
| #define HAVE_STDLIB_H 1
| #define HAVE_STRING_H 1
| #define HAVE_INTTYPES_H 1
| #define HAVE_STDINT_H 1
| #define HAVE_STRINGS_H 1
| #define HAVE_SYS_STAT_H 1
| #define HAVE_SYS_TYPES_H 1
| #define HAVE_UNISTD_H 1
| #define STDC_HEADERS 1
| #define HAVE_DLFCN_H 1
| #define LT_OBJDIR ".libs/"
| #define HAVE_ENDIAN_H 1
| #define HAVE_FCNTL_H 1
| #define HAVE_LOCALE_H 1
| #define HAVE_SCHED_H 1
| #define HAVE_UNISTD_H 1
| #define HAVE_SYS_PARAM_H 1
| #define HAVE_SYS_STAT_H 1
| #define HAVE_SYS_TIME_H 1
| #define HAVE_SYS_TYPES_H 1
| /* end confdefs.h.  */
| #include <stddef.h>
| #ifdef HAVE_STDIO_H
| # include <stdio.h>
| #endif
| #ifdef HAVE_STDLIB_H
| # include <stdlib.h>
| #endif
| #ifdef HAVE_STRING_H
| # include <string.h>
| #endif
| #ifdef HAVE_INTTYPES_H
| # include <inttypes.h>
| #endif
| #ifdef HAVE_STDINT_H
| # include <stdint.h>
| #endif
| #ifdef HAVE_STRINGS_H
| # include <strings.h>
| #endif
| #ifdef HAVE_SYS_TYPES_H
| # include <sys/types.h>
| #endif
| #ifdef HAVE_SYS_STAT_H
| # include <sys/stat.h>
| #endif
| #ifdef HAVE_UNISTD_H
| # include <unistd.h>
| #endif
| 	        enum { N = 32 / 2 - 1 };
| int
| main (void)
| {
| static int test_array [1 - 2 * !((int32_t) (((((int32_t) 1 << N) << N) - 1) * 2 + 1)
| 		 < (int32_t) (((((int32_t) 1 << N) << N) - 1) * 2 + 2))];
| test_array [0] = 0;
| return test_array [0];
| 
|   ;
|   return 0;
| }
configure:12508: result: yes
configure:12517: checking for uint32_t
configure:12517: gcc -c -g -O2  conftest.c >&5
configure:12517: $? = 0
configure:12517: result: yes
configure:12529: checking for uint16_t
configure:12529: gcc -c -g -O2  conftest.c >&5
configure:12529: $? = 0
configure:12529: result: yes
configure:12539: checking for uint8_t
configure:12539: gcc -c -g -O2  conftest.c >&5
configure:12539: $? = 0
configure:12539: result: yes
configure:12552: checking for unsigned long long int
configure:12594: gcc -o conftest -g -O2   conftest.c  >&5
configure:12594: $? = 0
configure:12604: result: yes
configure:12614: checking for long long int
configure:12656: gcc -o conftest -g -O2   conftest.c  >&5
configure:12656: $? = 0
configure:12656: ./conftest
configure:12656: $? = 0
configure:12669: result: yes
configure:12678: checking for inline
configure:12695: gcc -c -g -O2  conftest.c >&5
configure:12695: $? = 0
configure:12704: result: inline
configure:12730: checking for close
configure:12730: gcc -o conftest -g -O2   conftest.c  >&5
configure:12730: $? = 0
configure:12730: result: yes
configure:12736: checking for getpid
configure:12736: gcc -o conftest -g -O2   conftest.c  >&5
configure:12736: $? = 0
configure:12736: result: yes
configure:12742: checking for gettimeofday
configure:12742: gcc -o conftest -g -O2   conftest.c  >&5
configure:12742: $? = 0
configure:12742: result: yes
configure:12748: checking for localeconv
configure:12748: gcc -o conftest -g -O2   conftest.c  >&5
configure:12748: $? = 0
configure:12748: result: yes
configure:12754: checking for open
configure:12754: gcc -o conftest -g -O2   conftest.c  >&5
configure:12754: $? = 0
configure:12754: result: yes
configure:12760: checking for read
configure:12760: gcc -o conftest -g -O2   conftest.c  >&5
configure:12760: $? = 0
configure:12760: result: yes
configure:12766: checking for sched_yield
configure:12766: gcc -o conftest -g -O2   conftest.c  >&5
configure:12766: $? = 0
configure:12766: result: yes
configure:12772: checking for strtoll
configure:12772: gcc -o conftest -g -O2   conftest.c  >&5
configure:12772: $? = 0
configure:12772: result: yes
configure:12780: checking for gcc __sync builtins
configure:12794: gcc -o conftest -g -O2   conftest.c  >&5
configure:12794: $? = 0
configure:12809: result: yes
configure:12812: checking for gcc __atomic builtins
configure:12826: gcc -o conftest -g -O2   conftest.c  >&5
configure:12826: $? = 0
configure:12841: result: yes
configure:12909: checking for -Bsymbolic-functions linker flag
configure:12924: gcc -o conftest -g -O2  -Wl,-Bsymbolic-functions conftest.c  >&5
configure:12924: $? = 0
configure:12926: result: yes
configure:12955: checking for gcc options needed to detect all undeclared functions
configure:12977: gcc -c -g -O2   conftest.c >&5
conftest.c: In function 'main':
conftest.c:51:8: error: 'strchr' undeclared (first use in this function)
   51 | (void) strchr;
      |        ^~~~~~
conftest.c:1:1: note: 'strchr' is defined in header '<string.h>'; did you forget to '#include <string.h>'?
    1 | /* confdefs.h */
conftest.c:51:8: note: each undeclared identifier is reported only once for each function it appears in
   51 | (void) strchr;
      |        ^~~~~~
configure:12977: $? = 1
configure: failed program was:
| /* confdefs.h */
| #define PACKAGE_NAME "jansson"
| #define PACKAGE_TARNAME "jansson"
| #define PACKAGE_VERSION "2.14"
| #define PACKAGE_STRING "jansson 2.14"
| #define PACKAGE_BUGREPORT "https://github.com/akheron/jansson/issues"
| #define PACKAGE_URL ""
| #define PACKAGE "jansson"
| #define VERSION "2.14"
| #define HAVE_STDIO_H 1
| #define HAVE_STDLIB_H 1
| #define HAVE_STRING_H 1
| #define HAVE_INTTYPES_H 1
| #define HAVE_STDINT_H 1
| #define HAVE_STRINGS_H 1
| #define HAVE_SYS_STAT_H 1
| #define HAVE_SYS_TYPES_H 1
| #define HAVE_UNISTD_H 1
| #define STDC_HEADERS 1
| #define HAVE_DLFCN_H 1
| #define LT_OBJDIR ".libs/"
| #define HAVE_ENDIAN_H 1
| #define HAVE_FCNTL_H 1
| #define HAVE_LOCALE_H 1
| #define HAVE_SCHED_H 1
| #define HAVE_UNISTD_H 1
| #define HAVE_SYS_PARAM_H 1
| #define HAVE_SYS_STAT_H 1
| #define HAVE_SYS_TIME_H 1
| #define HAVE_SYS_TYPES_H 1
| #define HAVE_UNSIGNED_LONG_LONG_INT 1
| #define HAVE_LONG_LONG_INT 1
| #define HAVE_CLOSE 1
| #define HAVE_GETPID 1
| #define HAVE_GETTIMEOFDAY 1
| #define HAVE_LOCALECONV 1
| #define HAVE_OPEN 1
| #define HAVE_READ 1
| #define HAVE_SCHED_YIELD 1
| #define HAVE_STRTOLL 1
| #define HAVE_SYNC_BUILTINS 1
| #define HAVE_ATOMIC_BUILTINS 1
| #define USE_URANDOM 1
| #define USE_WINDOWS_CRYPTOAPI 1
| #define INITIAL_HASHTABLE_ORDER 3
| /* end confdefs.h.  */
| 
| int
| main (void)
| {
| (void) strchr;
|   ;
|   return 0;
| }
configure:13004: gcc -c -g -O2   conftest.c >&5
configure:13004: $? = 0
configure:13021: result: none needed
configure:13035: checking whether __GLIBC__ is declared
configure:13035: gcc -c -g -O2   conftest.c >&5
configure:13035: $? = 0
configure:13035: result: yes
configure:13080: checking for -Wno-format-truncation
configure:13085: result: yes
configure:13200: checking that generated files are newer than configure
configure:13206: result: done
configure:13249: creating ./config.status

## ---------------------- ##
## Running config.status. ##
## ---------------------- ##

This file was extended by jansson config.status 2.14, which was
generated by GNU Autoconf 2.71.  Invocation command line was

  CONFIG_FILES    = 
  CONFIG_HEADERS  = 
  CONFIG_LINKS    = 
  CONFIG_COMMANDS = 
  $ ./config.status 

on DESKTOP-Hadrien

config.status:1189: creating jansson.pc
config.status:1189: creating Makefile
config.status:1189: creating doc/Makefile
config.status:1189: creating src/Makefile
config.status:1189: creating src/jansson_config.h
config.status:1189: creating test/Makefile
config.status:1189: creating test/bin/Makefile
config.status:1189: creating test/ossfuzz/Makefile
config.status:1189: creating test/suites/Makefile
config.status:1189: creating test/suites/api/Makefile
config.status:1189: creating jansson_private_config.h
config.status:1418: executing depfiles commands
config.status:1495: cd src       && sed -e '/# am--include-marker/d' Makefile         | make -f - am--depfiles
config.status:1500: $? = 0
config.status:1495: cd test/bin       && sed -e '/# am--include-marker/d' Makefile         | make -f - am--depfiles
config.status:1500: $? = 0
config.status:1495: cd test/ossfuzz       && sed -e '/# am--include-marker/d' Makefile         | make -f - am--depfiles
config.status:1500: $? = 0
config.status:1495: cd test/suites/api       && sed -e '/# am--include-marker/d' Makefile         | make -f - am--depfiles
config.status:1500: $? = 0
config.status:1418: executing libtool commands

## ---------------- ##
## Cache variables. ##
## ---------------- ##

ac_cv_build=x86_64-pc-linux-gnu
ac_cv_c_compiler_gnu=yes
ac_cv_c_inline=inline
ac_cv_c_int32_t=yes
ac_cv_c_uint16_t=yes
ac_cv_c_uint32_t=yes
ac_cv_c_uint8_t=yes
ac_cv_c_undeclared_builtin_options='none needed'
ac_cv_cxx_compiler_gnu=yes
ac_cv_env_CCC_set=
ac_cv_env_CCC_value=
ac_cv_env_CC_set=
ac_cv_env_CC_value=
ac_cv_env_CFLAGS_set=
ac_cv_env_CFLAGS_value=
ac_cv_env_CPPFLAGS_set=
ac_cv_env_CPPFLAGS_value=
ac_cv_env_CXXCPP_set=
ac_cv_env_CXXCPP_value=
ac_cv_env_CXXFLAGS_set=
ac_cv_env_CXXFLAGS_value=
ac_cv_env_CXX_set=
ac_cv_env_CXX_value=
ac_cv_env_LDFLAGS_set=
ac_cv_env_LDFLAGS_value=
ac_cv_env_LIBS_set=
ac_cv_env_LIBS_value=
ac_cv_env_LT_SYS_LIBRARY_PATH_set=
ac_cv_env_LT_SYS_LIBRARY_PATH_value=
ac_cv_env_build_alias_set=
ac_cv_env_build_alias_value=
ac_cv_env_host_alias_set=
ac_cv_env_host_alias_value=
ac_cv_env_target_alias_set=
ac_cv_env_target_alias_value=
ac_cv_func_close=yes
ac_cv_func_getpid=yes
ac_cv_func_gettimeofday=yes
ac_cv_func_localeconv=yes
ac_cv_func_open=yes
ac_cv_func_read=yes
ac_cv_func_sched_yield=yes
ac_cv_func_strtoll=yes
ac_cv_have_decl___GLIBC__=yes
ac_cv_header_dlfcn_h=yes
ac_cv_header_endian_h=yes
ac_cv_header_fcntl_h=yes
ac_cv_header_inttypes_h=yes
ac_cv_header_locale_h=yes
ac_cv_header_sched_h=yes
ac_cv_header_stdint_h=yes
ac_cv_header_stdio_h=yes
ac_cv_header_stdlib_h=yes
ac_cv_header_string_h=yes
ac_cv_header_strings_h=yes
ac_cv_header_sys_param_h=yes
ac_cv_header_sys_stat_h=yes
ac_cv_header_sys_time_h=yes
ac_cv_header_sys_types_h=yes
ac_cv_header_unistd_h=yes
ac_cv_host=x86_64-pc-linux-gnu
ac_cv_objext=o
ac_cv_path_EGREP='/usr/bin/grep -E'
ac_cv_path_FGREP='/usr/bin/grep -F'
ac_cv_path_GREP=/usr/bin/grep
ac_cv_path_SED=/usr/bin/sed
ac_cv_path_install='/usr/bin/install -c'
ac_cv_path_lt_DD=/usr/bin/dd
ac_cv_path_mkdir=/usr/bin/mkdir
ac_cv_prog_AWK=gawk
ac_cv_prog_CXXCPP='g++ -E'
ac_cv_prog_ac_ct_AR=ar
ac_cv_prog_ac_ct_CC=gcc
ac_cv_prog_ac_ct_CXX=g++
ac_cv_prog_ac_ct_MANIFEST_TOOL=mt
ac_cv_prog_ac_ct_OBJDUMP=objdump
ac_cv_prog_ac_ct_RANLIB=ranlib
ac_cv_prog_ac_ct_STRIP=strip
ac_cv_prog_cc_c11=
ac_cv_prog_cc_g=yes
ac_cv_prog_cc_stdc=
ac_cv_prog_cxx_11=no
ac_cv_prog_cxx_cxx11=
ac_cv_prog_cxx_g=yes
ac_cv_prog_cxx_stdcxx=
ac_cv_prog_make_make_set=yes
ac_cv_type_long_long_int=yes
ac_cv_type_unsigned_long_long_int=yes
am_cv_CC_dependencies_compiler_type=gcc3
am_cv_CXX_dependencies_compiler_type=gcc3
am_cv_make_support_nested_variables=yes
am_cv_prog_cc_c_o=yes
lt_cv_ar_at_file=@
lt_cv_deplibs_check_method=pass_all
lt_cv_file_magic_cmd='$MAGIC_CMD'
lt_cv_file_magic_test_file=
lt_cv_ld_reload_flag=-r
lt_cv_nm_interface='BSD nm'
lt_cv_objdir=.libs
lt_cv_path_LD=/usr/bin/ld
lt_cv_path_LDCXX='/usr/bin/ld -m elf_x86_64'
lt_cv_path_NM='/usr/bin/nm -B'
lt_cv_path_mainfest_tool=no
lt_cv_prog_compiler_c_o=yes
lt_cv_prog_compiler_c_o_CXX=yes
lt_cv_prog_compiler_pic='-fPIC -DPIC'
lt_cv_prog_compiler_pic_CXX='-fPIC -DPIC'
lt_cv_prog_compiler_pic_works=yes
lt_cv_prog_compiler_pic_works_CXX=yes
lt_cv_prog_compiler_rtti_exceptions=no
lt_cv_prog_compiler_static_works=yes
lt_cv_prog_compiler_static_works_CXX=yes
lt_cv_prog_gnu_ld=yes
lt_cv_prog_gnu_ldcxx=yes
lt_cv_sharedlib_from_linklib_cmd='printf %s\n'
lt_cv_shlibpath_overrides_runpath=yes
lt_cv_sys_global_symbol_pipe='sed -n -e '\''s/^.*[	 ]\([ABCDGIRSTW][ABCDGIRSTW]*\)[	 ][	 ]*\([_A-Za-z][_A-Za-z0-9]*\)$/\1 \2 \2/p'\'' | sed '\''/ __gnu_lto/d'\'''
lt_cv_sys_global_symbol_to_c_name_address='sed -n -e '\''s/^: \(.*\) .*$/  {"\1", (void *) 0},/p'\'' -e '\''s/^[ABCDGIRSTW][ABCDGIRSTW]* .* \(.*\)$/  {"\1", (void *) \&\1},/p'\'''
lt_cv_sys_global_symbol_to_c_name_address_lib_prefix='sed -n -e '\''s/^: \(.*\) .*$/  {"\1", (void *) 0},/p'\'' -e '\''s/^[ABCDGIRSTW][ABCDGIRSTW]* .* \(lib.*\)$/  {"\1", (void *) \&\1},/p'\'' -e '\''s/^[ABCDGIRSTW][ABCDGIRSTW]* .* \(.*\)$/  {"lib\1", (void *) \&\1},/p'\'''
lt_cv_sys_global_symbol_to_cdecl='sed -n -e '\''s/^T .* \(.*\)$/extern int \1();/p'\'' -e '\''s/^[ABCDGIRSTW][ABCDGIRSTW]* .* \(.*\)$/extern char \1;/p'\'''
lt_cv_sys_global_symbol_to_import=
lt_cv_sys_max_cmd_len=1572864
lt_cv_to_host_file_cmd=func_convert_file_noop
lt_cv_to_tool_file_cmd=func_convert_file_noop
lt_cv_truncate_bin='/usr/bin/dd bs=4096 count=1'

## ----------------- ##
## Output variables. ##
## ----------------- ##

ACLOCAL='${SHELL} '\''/mnt/d/Documents/Cours/RES/Projet/Server/jansson-2.14/missing'\'' aclocal-1.16'
AMDEPBACKSLASH='\'
AMDEP_FALSE='#'
AMDEP_TRUE=''
AMTAR='$${TAR-tar}'
AM_BACKSLASH='\'
AM_CFLAGS='-Wall -Wextra -Wdeclaration-after-statement -Wshadow -Wno-format-truncation'
AM_DEFAULT_V='$(AM_DEFAULT_VERBOSITY)'
AM_DEFAULT_VERBOSITY='1'
AM_V='$(V)'
AR='ar'
AUTOCONF='${SHELL} '\''/mnt/d/Documents/Cours/RES/Projet/Server/jansson-2.14/missing'\'' autoconf'
AUTOHEADER='${SHELL} '\''/mnt/d/Documents/Cours/RES/Projet/Server/jansson-2.14/missing'\'' autoheader'
AUTOMAKE='${SHELL} '\''/mnt/d/Documents/Cours/RES/Projet/Server/jansson-2.14/missing'\'' automake-1.16'
AWK='gawk'
CC='gcc'
CCDEPMODE='depmode=gcc3'
CFLAGS='-g -O2'
CPPFLAGS=''
CSCOPE='cscope'
CTAGS='ctags'
CXX='g++'
CXXCPP='g++ -E'
CXXDEPMODE='depmode=gcc3'
CXXFLAGS='-g -O2'
CYGPATH_W='echo'
DEFS='-DHAVE_CONFIG_H'
DEPDIR='.deps'
DLLTOOL='false'
DSYMUTIL=''
DUMPBIN=''
ECHO_C=''
ECHO_N='-n'
ECHO_T=''
EGREP='/usr/bin/grep -E'
ETAGS='etags'
EXEEXT=''
FGREP='/usr/bin/grep -F'
GCC_FALSE='#'
GCC_TRUE=''
GREP='/usr/bin/grep'
INSTALL_DATA='${INSTALL} -m 644'
INSTALL_PROGRAM='${INSTALL}'
INSTALL_SCRIPT='${INSTALL}'
INSTALL_STRIP_PROGRAM='$(install_sh) -c -s'
JSON_BSYMBOLIC_LDFLAGS='-Wl,-Bsymbolic-functions'
JSON_SYMVER_LDFLAGS='-Wl,--default-symver'
LD='/usr/bin/ld -m elf_x86_64'
LDFLAGS=''
LIBOBJS=''
LIBS=''
LIBTOOL='$(SHELL) $(top_builddir)/libtool'
LIB_FUZZING_ENGINE=''
LIPO=''
LN_S='ln -s'
LTLIBOBJS=''
LT_SYS_LIBRARY_PATH=''
MAKEINFO='${SHELL} '\''/mnt/d/Documents/Cours/RES/Projet/Server/jansson-2.14/missing'\'' makeinfo'
MANIFEST_TOOL=':'
MKDIR_P='/usr/bin/mkdir -p'
NM='/usr/bin/nm -B'
NMEDIT=''
OBJDUMP='objdump'
OBJEXT='o'
OTOOL64=''
OTOOL=''
PACKAGE='jansson'
PACKAGE_BUGREPORT='https://github.com/akheron/jansson/issues'
PACKAGE_NAME='jansson'
PACKAGE_STRING='jansson 2.14'
PACKAGE_TARNAME='jansson'
PACKAGE_URL=''
PACKAGE_VERSION='2.14'
PATH_SEPARATOR=':'
RANLIB='ranlib'
SED='/usr/bin/sed'
SET_MAKE=''
SHELL='/bin/bash'
STRIP='strip'
USE_OSSFUZZERS_FALSE=''
USE_OSSFUZZERS_TRUE='#'
USE_OSSFUZZ_FLAG_FALSE=''
USE_OSSFUZZ_FLAG_TRUE='#'
USE_OSSFUZZ_STATIC_FALSE=''
USE_OSSFUZZ_STATIC_TRUE='#'
VERSION='2.14'
ac_ct_AR='ar'
ac_ct_CC='gcc'
ac_ct_CXX='g++'
ac_ct_DUMPBIN=''
am__EXEEXT_FALSE=''
am__EXEEXT_TRUE='#'
am__fastdepCC_FALSE='#'
am__fastdepCC_TRUE=''
am__fastdepCXX_FALSE='#'
am__fastdepCXX_TRUE=''
am__include='include'
am__isrc=''
am__leading_dot='.'
am__nodep='_no'
am__quote=''
am__tar='$${TAR-tar} chof - "$$tardir"'
am__untar='$${TAR-tar} xf -'
bindir='${exec_prefix}/bin'
build='x86_64-pc-linux-gnu'
build_alias=''
build_cpu='x86_64'
build_os='linux-gnu'
build_vendor='pc'
datadir='${datarootdir}'
datarootdir='${prefix}/share'
docdir='${datarootdir}/doc/${PACKAGE_TARNAME}'
dvidir='${docdir}'
exec_prefix='${prefix}'
host='x86_64-pc-linux-gnu'
host_alias=''
host_cpu='x86_64'
host_os='linux-gnu'
host_vendor='pc'
htmldir='${docdir}'
includedir='${prefix}/include'
infodir='${datarootdir}/info'
install_sh='${SHELL} /mnt/d/Documents/Cours/RES/Projet/Server/jansson-2.14/install-sh'
json_have_atomic_builtins='1'
json_have_localeconv='1'
json_have_long_long='1'
json_have_sync_builtins='1'
json_inline='inline'
libdir='${exec_prefix}/lib'
libexecdir='${exec_prefix}/libexec'
localedir='${datarootdir}/locale'
localstatedir='${prefix}/var'
mandir='${datarootdir}/man'
mkdir_p='$(MKDIR_P)'
oldincludedir='/usr/include'
pdfdir='${docdir}'
prefix='/usr/local'
program_transform_name='s,x,x,'
psdir='${docdir}'
runstatedir='${localstatedir}/run'
sbindir='${exec_prefix}/sbin'
sharedstatedir='${prefix}/com'
sysconfdir='${prefix}/etc'
target_alias=''

## ----------- ##
## confdefs.h. ##
## ----------- ##

/* confdefs.h */
#define PACKAGE_NAME "jansson"
#define PACKAGE_TARNAME "jansson"
#define PACKAGE_VERSION "2.14"
#define PACKAGE_STRING "jansson 2.14"
#define PACKAGE_BUGREPORT "https://github.com/akheron/jansson/issues"
#define PACKAGE_URL ""
#define PACKAGE "jansson"
#define VERSION "2.14"
#define HAVE_STDIO_H 1
#define HAVE_STDLIB_H 1
#define HAVE_STRING_H 1
#define HAVE_INTTYPES_H 1
#define HAVE_STDINT_H 1
#define HAVE_STRINGS_H 1
#define HAVE_SYS_STAT_H 1
#define HAVE_SYS_TYPES_H 1
#define HAVE_UNISTD_H 1
#define STDC_HEADERS 1
#define HAVE_DLFCN_H 1
#define LT_OBJDIR ".libs/"
#define HAVE_ENDIAN_H 1
#define HAVE_FCNTL_H 1
#define HAVE_LOCALE_H 1
#define HAVE_SCHED_H 1
#define HAVE_UNISTD_H 1
#define HAVE_SYS_PARAM_H 1
#define HAVE_SYS_STAT_H 1
#define HAVE_SYS_TIME_H 1
#define HAVE_SYS_TYPES_H 1
#define HAVE_UNSIGNED_LONG_LONG_INT 1
#define HAVE_LONG_LONG_INT 1
#define HAVE_CLOSE 1
#define HAVE_GETPID 1
#define HAVE_GETTIMEOFDAY 1
#define HAVE_LOCALECONV 1
#define HAVE_OPEN 1
#define HAVE_READ 1
#define HAVE_SCHED_YIELD 1
#define HAVE_STRTOLL 1
#define HAVE_SYNC_BUILTINS 1
#define HAVE_ATOMIC_BUILTINS 1
#define USE_URANDOM 1
#define USE_WINDOWS_CRYPTOAPI 1
#define INITIAL_HASHTABLE_ORDER 3

configure: exit 0
